
16:42:59.999  [main] INFO  testcase.TC_001_AccountSignup - ..........Starting TC_001_AccountSignup........
16:43:02.555  [main] INFO  testcase.TC_001_AccountSignup - .........Account signup started...............
16:43:11.457  [main] INFO  testcase.TC_002_LoginPage - .....Starting TC_002_Login.......
16:43:12.259  [main] INFO  testcase.TC_002_LoginPage - .......Starting TC_002_entering login credentials......
16:43:14.983  [main] INFO  testcase.TC_002_LoginPage - ......completed TC_002_login.....
16:43:24.577  [main] INFO  testcase.TC_003_Logout - .....Starting TC_003_Logout..
16:43:36.889  [main] INFO  testcase.TC_006_VerifyAllProductsandproductdetailpage - ........Starting .......
16:43:39.178  [main] INFO  testcase.TC_006_VerifyAllProductsandproductdetailpage - .......navigate product page ......
16:47:37.975  [main] DEBUG org.testng.TestNG - suiteXmlPath: "C:\workspace\java programs-aug12\AutomationExercise\master.xml"
16:47:38.404  [main] INFO  org.testng.internal.Utils - [TestNG] Running:
  C:\workspace\java programs-aug12\AutomationExercise\master.xml

16:47:49.679  [main] INFO  testcase.TC_001_AccountSignup - ..........Starting TC_001_AccountSignup........
16:47:50.835  [main] INFO  testcase.TC_001_AccountSignup - .........Account signup started...............
16:48:01.018  [main] INFO  testcase.TC_002_LoginPage - .....Starting TC_002_Login.......
16:48:02.876  [main] INFO  testcase.TC_002_LoginPage - .......Starting TC_002_entering login credentials......
16:48:04.530  [main] INFO  testcase.TC_002_LoginPage - ......completed TC_002_login.....
16:48:15.649  [main] INFO  testcase.TC_003_Logout - .....Starting TC_003_Logout..
16:48:16.508  [main] INFO  testcase.TC_003_Logout - .....enter login details.......
16:48:28.195  [main] INFO  testcase.TC_004_RegisterUserWithAlreadyexistemail - ......starting......
16:48:28.196  [main] INFO  testcase.TC_004_RegisterUserWithAlreadyexistemail - ......click o signup.......
16:48:30.989  [main] INFO  testcase.TC_004_RegisterUserWithAlreadyexistemail - ......check email already exist.......
16:48:42.702  [main] INFO  testcase.TC_005_ContactUsform - ......starting.......
16:48:42.702  [main] INFO  testcase.TC_005_ContactUsform - ......click on contact us.......
16:48:44.664  [main] INFO  testcase.TC_005_ContactUsform - ......enter details.......
16:48:45.212  [main] INFO  testcase.TC_005_ContactUsform - .......upload file......
16:48:54.143  [main] INFO  testcase.TC_006_VerifyAllProductsandproductdetailpage - ........Starting .......
16:48:56.080  [main] INFO  testcase.TC_006_VerifyAllProductsandproductdetailpage - .......navigate product page ......
16:48:56.119  [main] INFO  testcase.TC_006_VerifyAllProductsandproductdetailpage - ......verify product list....
16:49:05.983  [main] INFO  testcase.TC_007_SearchProduct - .......Starting ........
16:49:09.616  [main] INFO  testcase.TC_007_SearchProduct - ....navigate to product page.....
16:49:09.667  [main] INFO  testcase.TC_007_SearchProduct - ......search product .....
16:49:11.261  [main] INFO  testcase.TC_007_SearchProduct - ......verifyallproducts .......
18:21:23.971  [main] DEBUG org.testng.TestNG - suiteXmlPath: "C:\workspace\java programs-aug12\AutomationExercise\master.xml"
18:21:24.307  [main] INFO  org.testng.internal.Utils - [TestNG] Running:
  C:\workspace\java programs-aug12\AutomationExercise\master.xml

18:21:30.814  [main] INFO  testcase.TC_002_LoginPage - .....Starting TC_002_Login.......
18:21:33.365  [main] INFO  testcase.TC_002_LoginPage - .......Starting TC_002_entering login credentials......
18:21:36.020  [main] INFO  testcase.TC_002_LoginPage - ......completed TC_002_login.....
18:21:37.662  [main] INFO  testcase.TC_002_LoginPage - ......validation TC_002_login......
18:21:39.412  [main] INFO  testcase.TC_002_LoginPage - ........finish TC_002_login......
18:21:44.528  [main] INFO  testcase.TC_003_Logout - .....Starting TC_003_Logout..
18:21:46.160  [main] INFO  testcase.TC_003_Logout - .....enter login details.......
18:21:59.195  [main] INFO  testcase.TC_004_RegisterUserWithAlreadyexistemail - ......starting......
18:21:59.196  [main] INFO  testcase.TC_004_RegisterUserWithAlreadyexistemail - ......click o signup.......
18:22:03.383  [main] INFO  testcase.TC_004_RegisterUserWithAlreadyexistemail - ......check email already exist.......
18:22:13.861  [main] INFO  testcase.TC_005_ContactUsform - ......starting.......
18:22:13.862  [main] INFO  testcase.TC_005_ContactUsform - ......click on contact us.......
18:22:15.990  [main] INFO  testcase.TC_005_ContactUsform - ......enter details.......
18:22:16.365  [main] INFO  testcase.TC_005_ContactUsform - .......upload file......
18:22:25.067  [main] INFO  testcase.TC_006_VerifyAllProductsandproductdetailpage - ........Starting .......
18:22:27.915  [main] INFO  testcase.TC_006_VerifyAllProductsandproductdetailpage - .......navigate product page ......
18:22:27.939  [main] INFO  testcase.TC_006_VerifyAllProductsandproductdetailpage - ......verify product list....
18:22:33.156  [main] INFO  testcase.TC_007_SearchProduct - .......Starting ........
18:22:37.009  [main] INFO  testcase.TC_007_SearchProduct - ....navigate to product page.....
18:22:37.028  [main] INFO  testcase.TC_007_SearchProduct - ......search product .....
18:22:38.890  [main] INFO  testcase.TC_007_SearchProduct - ......verifyallproducts .......
18:22:44.432  [main] INFO  testcase.TC_008_AddProductstoCart - ....Starting ........
18:22:44.432  [main] INFO  testcase.TC_008_AddProductstoCart - .....open the products page.....
18:22:47.260  [main] INFO  testcase.TC_008_AddProductstoCart - ......first product added to cart......
18:22:47.315  [main] INFO  testcase.TC_008_AddProductstoCart - .....Clicked Continue Shopping...............
18:22:47.719  [main] INFO  testcase.TC_008_AddProductstoCart - ........second product added to cart........
18:22:47.774  [main] INFO  testcase.TC_008_AddProductstoCart - ........Navigated to Cart Page.........
18:22:49.711  [main] INFO  testcase.TC_008_AddProductstoCart - .......Products successfully added to cart......
18:22:49.711  [main] INFO  testcase.TC_008_AddProductstoCart - ......Finished Add Products to Cart Test..........
18:22:57.369  [main] INFO  testcase.TC_009_CheckoutAndPlaceanOrder - .......entering login credentials.......
18:23:00.525  [main] INFO  testcase.TC_009_CheckoutAndPlaceanOrder - .........completed login...........
18:23:03.128  [main] INFO  testcase.TC_009_CheckoutAndPlaceanOrder - .......first product added to cart.........
18:23:03.177  [main] INFO  testcase.TC_009_CheckoutAndPlaceanOrder - ......Clicked Continue Shopping...............
18:23:03.582  [main] INFO  testcase.TC_009_CheckoutAndPlaceanOrder - .......second product added to cart............
18:23:03.630  [main] INFO  testcase.TC_009_CheckoutAndPlaceanOrder - .......Navigated to Cart Page........
18:23:06.331  [main] INFO  testcase.TC_009_CheckoutAndPlaceanOrder - ......verify address and order details......
18:23:12.923  [main] INFO  testcase.TC_009_CheckoutAndPlaceanOrder - ...... verify success message ......
18:23:21.667  [main] INFO  testcase.TC_010_VerifyProductQuantityInCartTest - .....verify home page is displayed .......
18:23:24.281  [main] INFO  testcase.TC_010_VerifyProductQuantityInCartTest - ......verify products detail ......
18:23:28.393  [main] INFO  testcase.TC_010_VerifyProductQuantityInCartTest - ......verify cart quantity......
18:23:36.077  [main] INFO  testcase.TC_011_RemoveProductTest - .....open the products page.....
18:23:36.135  [main] INFO  testcase.TC_011_RemoveProductTest - ......click on view cart......
18:23:38.574  [main] INFO  testcase.TC_011_RemoveProductTest - ......verify cart is empty......
18:23:46.458  [main] INFO  testcase.TC_012_AddProductReviewTest - ......verify home page is displayed......
18:23:49.357  [main] INFO  testcase.TC_012_AddProductReviewTest - .....click view product.......
18:23:52.167  [main] INFO  testcase.TC_012_AddProductReviewTest - .....verify write your review is visible.......
18:23:52.581  [main] INFO  testcase.TC_012_AddProductReviewTest - ......verify success message is displayed......
18:23:57.961  [main] INFO  testcase.TC_013_CategoryProductsTest - ......Categories is displayed ......
18:23:59.157  [main] INFO  testcase.TC_013_CategoryProductsTest - ....click on sub category........
18:24:02.981  [main] INFO  testcase.TC_013_CategoryProductsTest - .....verify  women category page is displayed.......
18:24:17.036  [main] INFO  testcase.TC_014_ViewAndCartBrandProductsTest - ......verify Brands are displayed......
18:24:18.639  [main] INFO  testcase.TC_014_ViewAndCartBrandProductsTest - ......verify brand products are displayed......
18:24:20.204  [main] INFO  testcase.TC_014_ViewAndCartBrandProductsTest - .....verify another brand products are displayed.......
18:24:24.759  [main] INFO  testcase.TC_015_AddToCartFromRecommendedItemsTest - .....scroll to bottom of page.......
18:24:24.771  [main] INFO  testcase.TC_015_AddToCartFromRecommendedItemsTest - .....verify recommended items are displayed.......
18:24:26.067  [main] INFO  testcase.TC_015_AddToCartFromRecommendedItemsTest - .....verify products displayed in cart.......
18:24:30.001  [main] INFO  testcase.TC_016_VerifySubscriptionInHomepageAndCartTest - .....verify home page is displayed.......
18:24:30.010  [main] INFO  testcase.TC_016_VerifySubscriptionInHomepageAndCartTest - ......scroll  up to subscription test is visible......
18:24:32.137  [main] INFO  testcase.TC_016_VerifySubscriptionInHomepageAndCartTest - .....verify subscription text is visible.......
18:24:32.475  [main] INFO  testcase.TC_016_VerifySubscriptionInHomepageAndCartTest - ......verify success msg is displayed......
18:30:59.951  [main] DEBUG org.testng.TestNG - suiteXmlPath: "C:\workspace\java programs-aug12\AutomationExercise\master.xml"
18:31:00.286  [main] INFO  org.testng.internal.Utils - [TestNG] Running:
  C:\workspace\java programs-aug12\AutomationExercise\master.xml

18:31:07.314  [main] INFO  testcase.TC_002_LoginPage - .....Starting TC_002_Login.......
18:31:08.610  [main] INFO  testcase.TC_002_LoginPage - .......Starting TC_002_entering login credentials......
18:31:10.347  [main] INFO  testcase.TC_002_LoginPage - ......completed TC_002_login.....
18:31:20.584  [main] INFO  testcase.TC_003_Logout - .....Starting TC_003_Logout..
18:31:21.818  [main] INFO  testcase.TC_003_Logout - .....enter login details.......
18:31:33.827  [main] INFO  testcase.TC_005_ContactUsform - ......starting.......
18:31:33.828  [main] INFO  testcase.TC_005_ContactUsform - ......click on contact us.......
18:31:35.520  [main] INFO  testcase.TC_005_ContactUsform - ......enter details.......
18:31:35.903  [main] INFO  testcase.TC_005_ContactUsform - .......upload file......
18:31:44.740  [main] INFO  testcase.TC_006_VerifyAllProductsandproductdetailpage - ........Starting .......
18:31:46.519  [main] INFO  testcase.TC_006_VerifyAllProductsandproductdetailpage - .......navigate product page ......
18:31:46.551  [main] INFO  testcase.TC_006_VerifyAllProductsandproductdetailpage - ......verify product list....
20:28:07.047  [main] DEBUG org.testng.TestNG - suiteXmlPath: "C:\workspace\java programs-aug12\AutomationExercise\master.xml"
20:28:07.564  [main] INFO  org.testng.internal.Utils - [TestNG] Running:
  C:\workspace\java programs-aug12\AutomationExercise\master.xml

20:28:16.203  [main] INFO  testcase.TC_002_LoginPage - .....Starting TC_002_Login.......
20:28:17.947  [main] INFO  testcase.TC_002_LoginPage - .......Starting TC_002_entering login credentials......
20:28:20.421  [main] INFO  testcase.TC_002_LoginPage - ......completed TC_002_login.....
20:28:21.709  [main] INFO  testcase.TC_002_LoginPage - ......validation TC_002_login......
20:28:22.959  [main] INFO  testcase.TC_002_LoginPage - ........finish TC_002_login......
20:28:28.810  [main] INFO  testcase.TC_003_Logout - .....Starting TC_003_Logout..
20:28:30.362  [main] INFO  testcase.TC_003_Logout - .....enter login details.......
20:28:42.348  [main] INFO  testcase.TC_004_RegisterUserWithAlreadyexistemail - ......starting......
20:28:42.352  [main] INFO  testcase.TC_004_RegisterUserWithAlreadyexistemail - ......click o signup.......
20:28:46.405  [main] INFO  testcase.TC_004_RegisterUserWithAlreadyexistemail - ......check email already exist.......
20:28:57.111  [main] INFO  testcase.TC_005_ContactUsform - ......starting.......
20:28:57.112  [main] INFO  testcase.TC_005_ContactUsform - ......click on contact us.......
20:28:58.622  [main] INFO  testcase.TC_005_ContactUsform - ......enter details.......
20:28:59.222  [main] INFO  testcase.TC_005_ContactUsform - .......upload file......
20:29:07.235  [main] INFO  testcase.TC_006_VerifyAllProductsandproductdetailpage - ........Starting .......
20:29:09.024  [main] INFO  testcase.TC_006_VerifyAllProductsandproductdetailpage - .......navigate product page ......
20:29:09.061  [main] INFO  testcase.TC_006_VerifyAllProductsandproductdetailpage - ......verify product list....
20:29:14.550  [main] INFO  testcase.TC_007_SearchProduct - .......Starting ........
20:29:16.673  [main] INFO  testcase.TC_007_SearchProduct - ....navigate to product page.....
20:29:16.701  [main] INFO  testcase.TC_007_SearchProduct - ......search product .....
20:29:18.224  [main] INFO  testcase.TC_007_SearchProduct - ......verifyallproducts .......
20:29:23.211  [main] INFO  testcase.TC_008_AddProductstoCart - ....Starting ........
20:29:23.211  [main] INFO  testcase.TC_008_AddProductstoCart - .....open the products page.....
20:29:25.776  [main] INFO  testcase.TC_008_AddProductstoCart - ......first product added to cart......
20:29:25.851  [main] INFO  testcase.TC_008_AddProductstoCart - .....Clicked Continue Shopping...............
20:29:26.254  [main] INFO  testcase.TC_008_AddProductstoCart - ........second product added to cart........
20:29:26.300  [main] INFO  testcase.TC_008_AddProductstoCart - ........Navigated to Cart Page.........
20:29:29.544  [main] INFO  testcase.TC_008_AddProductstoCart - .......Products successfully added to cart......
20:29:29.544  [main] INFO  testcase.TC_008_AddProductstoCart - ......Finished Add Products to Cart Test..........
20:29:36.792  [main] INFO  testcase.TC_009_CheckoutAndPlaceanOrder - .......entering login credentials.......
20:29:39.714  [main] INFO  testcase.TC_009_CheckoutAndPlaceanOrder - .........completed login...........
20:29:41.464  [main] INFO  testcase.TC_009_CheckoutAndPlaceanOrder - .......first product added to cart.........
20:29:41.533  [main] INFO  testcase.TC_009_CheckoutAndPlaceanOrder - ......Clicked Continue Shopping...............
20:29:42.047  [main] INFO  testcase.TC_009_CheckoutAndPlaceanOrder - .......second product added to cart............
20:29:42.104  [main] INFO  testcase.TC_009_CheckoutAndPlaceanOrder - .......Navigated to Cart Page........
20:29:45.300  [main] INFO  testcase.TC_009_CheckoutAndPlaceanOrder - ......verify address and order details......
20:29:52.787  [main] INFO  testcase.TC_009_CheckoutAndPlaceanOrder - ...... verify success message ......
20:29:59.995  [main] INFO  testcase.TC_010_VerifyProductQuantityInCartTest - .....verify home page is displayed .......
20:30:02.834  [main] INFO  testcase.TC_010_VerifyProductQuantityInCartTest - ......verify products detail ......
20:30:07.055  [main] INFO  testcase.TC_010_VerifyProductQuantityInCartTest - ......verify cart quantity......
20:30:18.064  [main] INFO  testcase.TC_011_RemoveProductTest - .....open the products page.....
20:30:18.136  [main] INFO  testcase.TC_011_RemoveProductTest - ......click on view cart......
20:30:19.930  [main] INFO  testcase.TC_011_RemoveProductTest - ......verify cart is empty......
20:30:27.443  [main] INFO  testcase.TC_012_AddProductReviewTest - ......verify home page is displayed......
20:30:29.763  [main] INFO  testcase.TC_012_AddProductReviewTest - .....click view product.......
20:30:32.703  [main] INFO  testcase.TC_012_AddProductReviewTest - .....verify write your review is visible.......
20:30:33.327  [main] INFO  testcase.TC_012_AddProductReviewTest - ......verify success message is displayed......
20:30:39.461  [main] INFO  testcase.TC_013_CategoryProductsTest - ......Categories is displayed ......
20:30:40.696  [main] INFO  testcase.TC_013_CategoryProductsTest - ....click on sub category........
20:30:44.322  [main] INFO  testcase.TC_013_CategoryProductsTest - .....verify  women category page is displayed.......
20:30:44.532  [main] INFO  testcase.TC_013_CategoryProductsTest - .....click on men sub category.......
20:30:46.785  [main] INFO  testcase.TC_013_CategoryProductsTest - .....verify men category page is displayed.......
20:30:55.235  [main] INFO  testcase.TC_014_ViewAndCartBrandProductsTest - ......verify Brands are displayed......
20:30:57.088  [main] INFO  testcase.TC_014_ViewAndCartBrandProductsTest - ......verify brand products are displayed......
20:30:58.889  [main] INFO  testcase.TC_014_ViewAndCartBrandProductsTest - .....verify another brand products are displayed.......
20:31:04.165  [main] INFO  testcase.TC_015_AddToCartFromRecommendedItemsTest - .....scroll to bottom of page.......
20:31:04.186  [main] INFO  testcase.TC_015_AddToCartFromRecommendedItemsTest - .....verify recommended items are displayed.......
20:31:07.619  [main] INFO  testcase.TC_015_AddToCartFromRecommendedItemsTest - .....verify products displayed in cart.......
20:31:11.353  [main] INFO  testcase.TC_016_VerifySubscriptionInHomepageAndCartTest - .....verify home page is displayed.......
20:31:11.404  [main] INFO  testcase.TC_016_VerifySubscriptionInHomepageAndCartTest - ......scroll  up to subscription test is visible......
20:31:13.898  [main] INFO  testcase.TC_016_VerifySubscriptionInHomepageAndCartTest - .....verify subscription text is visible.......
20:31:14.502  [main] INFO  testcase.TC_016_VerifySubscriptionInHomepageAndCartTest - ......verify success msg is displayed......
20:40:59.232  [main] DEBUG org.testng.TestNG - suiteXmlPath: "C:\workspace\java programs-aug12\AutomationExercise\master.xml"
20:40:59.657  [main] INFO  org.testng.internal.Utils - [TestNG] Running:
  C:\workspace\java programs-aug12\AutomationExercise\master.xml

20:41:05.543  [main] INFO  testcase.TC_002_LoginPage - .....Starting TC_002_Login.......
20:41:06.380  [main] INFO  testcase.TC_002_LoginPage - .......Starting TC_002_entering login credentials......
20:41:07.666  [main] INFO  testcase.TC_002_LoginPage - ......completed TC_002_login.....
20:41:21.611  [main] INFO  testcase.TC_004_RegisterUserWithAlreadyexistemail - ......starting......
20:41:21.611  [main] INFO  testcase.TC_004_RegisterUserWithAlreadyexistemail - ......click o signup.......
20:41:25.070  [main] INFO  testcase.TC_004_RegisterUserWithAlreadyexistemail - ......check email already exist.......
20:41:30.597  [main] INFO  testcase.TC_005_ContactUsform - ......starting.......
20:41:30.597  [main] INFO  testcase.TC_005_ContactUsform - ......click on contact us.......
20:41:32.833  [main] INFO  testcase.TC_005_ContactUsform - ......enter details.......
20:41:33.395  [main] INFO  testcase.TC_005_ContactUsform - .......upload file......
20:41:43.845  [main] INFO  testcase.TC_006_VerifyAllProductsandproductdetailpage - ........Starting .......
20:41:46.576  [main] INFO  testcase.TC_006_VerifyAllProductsandproductdetailpage - .......navigate product page ......
20:41:46.619  [main] INFO  testcase.TC_006_VerifyAllProductsandproductdetailpage - ......verify product list....
20:41:53.025  [main] INFO  testcase.TC_003_Logout - .....Starting TC_003_Logout..
20:41:55.344  [main] INFO  testcase.TC_003_Logout - .....enter login details.......
20:42:06.312  [main] INFO  testcase.TC_007_SearchProduct - .......Starting ........
20:53:08.287  [main] DEBUG org.testng.TestNG - suiteXmlPath: "C:\workspace\java programs-aug12\AutomationExercise\master.xml"
20:53:08.681  [main] INFO  org.testng.internal.Utils - [TestNG] Running:
  C:\workspace\java programs-aug12\AutomationExercise\master.xml

20:53:15.491  [main] INFO  testcase.TC_002_LoginPage - .....Starting TC_002_Login.......
20:53:15.945  [main] INFO  testcase.TC_002_LoginPage - .......Starting TC_002_entering login credentials......
20:53:19.908  [main] INFO  testcase.TC_002_LoginPage - ......completed TC_002_login.....
20:53:21.358  [main] INFO  testcase.TC_002_LoginPage - ......validation TC_002_login......
20:53:23.598  [main] INFO  testcase.TC_002_LoginPage - ........finish TC_002_login......
20:53:29.443  [main] INFO  testcase.TC_004_RegisterUserWithAlreadyexistemail - ......starting......
20:53:29.443  [main] INFO  testcase.TC_004_RegisterUserWithAlreadyexistemail - ......click o signup.......
20:53:32.843  [main] INFO  testcase.TC_004_RegisterUserWithAlreadyexistemail - ......check email already exist.......
20:53:38.295  [main] INFO  testcase.TC_006_VerifyAllProductsandproductdetailpage - ........Starting .......
20:53:40.182  [main] INFO  testcase.TC_006_VerifyAllProductsandproductdetailpage - .......navigate product page ......
20:53:40.217  [main] INFO  testcase.TC_006_VerifyAllProductsandproductdetailpage - ......verify product list....
20:53:44.665  [main] INFO  testcase.TC_007_SearchProduct - .......Starting ........
20:53:48.143  [main] INFO  testcase.TC_007_SearchProduct - ....navigate to product page.....
20:53:48.168  [main] INFO  testcase.TC_007_SearchProduct - ......search product .....
20:53:49.721  [main] INFO  testcase.TC_007_SearchProduct - ......verifyallproducts .......
20:53:54.931  [main] INFO  testcase.TC_008_AddProductstoCart - ....Starting ........
20:53:54.932  [main] INFO  testcase.TC_008_AddProductstoCart - .....open the products page.....
20:53:57.564  [main] INFO  testcase.TC_008_AddProductstoCart - ......first product added to cart......
20:53:57.618  [main] INFO  testcase.TC_008_AddProductstoCart - .....Clicked Continue Shopping...............
20:53:58.075  [main] INFO  testcase.TC_008_AddProductstoCart - ........second product added to cart........
20:53:58.141  [main] INFO  testcase.TC_008_AddProductstoCart - ........Navigated to Cart Page.........
20:54:00.020  [main] INFO  testcase.TC_008_AddProductstoCart - .......Products successfully added to cart......
20:54:00.020  [main] INFO  testcase.TC_008_AddProductstoCart - ......Finished Add Products to Cart Test..........
20:54:07.023  [main] INFO  testcase.TC_009_CheckoutAndPlaceanOrder - .......entering login credentials.......
20:54:09.226  [main] INFO  testcase.TC_009_CheckoutAndPlaceanOrder - .........completed login...........
20:54:09.877  [main] INFO  testcase.TC_009_CheckoutAndPlaceanOrder - .......first product added to cart.........
20:54:11.364  [main] INFO  testcase.TC_009_CheckoutAndPlaceanOrder - ......Clicked Continue Shopping...............
20:54:11.807  [main] INFO  testcase.TC_009_CheckoutAndPlaceanOrder - .......second product added to cart............
20:54:11.872  [main] INFO  testcase.TC_009_CheckoutAndPlaceanOrder - .......Navigated to Cart Page........
20:54:15.080  [main] INFO  testcase.TC_009_CheckoutAndPlaceanOrder - ......verify address and order details......
20:54:22.389  [main] INFO  testcase.TC_009_CheckoutAndPlaceanOrder - ...... verify success message ......
20:54:30.275  [main] INFO  testcase.TC_010_VerifyProductQuantityInCartTest - .....verify home page is displayed .......
20:54:32.873  [main] INFO  testcase.TC_010_VerifyProductQuantityInCartTest - ......verify products detail ......
20:54:36.917  [main] INFO  testcase.TC_010_VerifyProductQuantityInCartTest - ......verify cart quantity......
20:54:45.384  [main] INFO  testcase.TC_011_RemoveProductTest - .....open the products page.....
20:54:45.454  [main] INFO  testcase.TC_011_RemoveProductTest - ......click on view cart......
20:54:47.408  [main] INFO  testcase.TC_011_RemoveProductTest - ......verify cart is empty......
20:54:56.205  [main] INFO  testcase.TC_012_AddProductReviewTest - ......verify home page is displayed......
20:54:58.471  [main] INFO  testcase.TC_012_AddProductReviewTest - .....click view product.......
20:55:00.867  [main] INFO  testcase.TC_012_AddProductReviewTest - .....verify write your review is visible.......
20:55:01.434  [main] INFO  testcase.TC_012_AddProductReviewTest - ......verify success message is displayed......
20:55:06.699  [main] INFO  testcase.TC_013_CategoryProductsTest - ......Categories is displayed ......
20:55:07.969  [main] INFO  testcase.TC_013_CategoryProductsTest - ....click on sub category........
20:55:11.436  [main] INFO  testcase.TC_013_CategoryProductsTest - .....verify  women category page is displayed.......
20:55:11.621  [main] INFO  testcase.TC_013_CategoryProductsTest - .....click on men sub category.......
20:55:12.981  [main] INFO  testcase.TC_013_CategoryProductsTest - .....verify men category page is displayed.......
20:55:20.323  [main] INFO  testcase.TC_014_ViewAndCartBrandProductsTest - ......verify Brands are displayed......
20:55:22.087  [main] INFO  testcase.TC_014_ViewAndCartBrandProductsTest - ......verify brand products are displayed......
20:55:24.062  [main] INFO  testcase.TC_014_ViewAndCartBrandProductsTest - .....verify another brand products are displayed.......
20:55:30.976  [main] INFO  testcase.TC_015_AddToCartFromRecommendedItemsTest - .....scroll to bottom of page.......
20:55:30.987  [main] INFO  testcase.TC_015_AddToCartFromRecommendedItemsTest - .....verify recommended items are displayed.......
20:55:33.366  [main] INFO  testcase.TC_015_AddToCartFromRecommendedItemsTest - .....verify products displayed in cart.......
20:55:38.984  [main] INFO  testcase.TC_016_VerifySubscriptionInHomepageAndCartTest - .....verify home page is displayed.......
20:55:38.998  [main] INFO  testcase.TC_016_VerifySubscriptionInHomepageAndCartTest - ......scroll  up to subscription test is visible......
20:55:41.097  [main] INFO  testcase.TC_016_VerifySubscriptionInHomepageAndCartTest - .....verify subscription text is visible.......
20:55:41.420  [main] INFO  testcase.TC_016_VerifySubscriptionInHomepageAndCartTest - ......verify success msg is displayed......
21:34:40.891  [main] DEBUG org.testng.TestNG - suiteXmlPath: "C:\workspace\java programs-aug12\AutomationExercise\grouping.xml"
21:34:41.247  [main] INFO  org.testng.internal.Utils - [TestNG] Running:
  C:\workspace\java programs-aug12\AutomationExercise\grouping.xml

