
12:02:00.749  [main] INFO  testcase.TC_001_AccountSignup - ..........Starting TC_001_AccountSignup........
12:02:00.799  [main] INFO  testcase.TC_002_LoginPage - .....Starting TC_002_Login.......
12:02:01.694  [main] INFO  testcase.TC_001_AccountSignup - ..........Starting TC_001_AccountSignup........
12:02:01.705  [main] INFO  testcase.TC_002_LoginPage - .....Starting TC_002_Login.......
12:33:54.109  [main] DEBUG org.testng.TestNG - suiteXmlPath: "C:\workspace\java programs-aug12\AutomationExercise\crossbrowsingtesting.xml"
12:33:54.352  [main] INFO  org.testng.internal.Utils - [TestNG] Running:
  C:\workspace\java programs-aug12\AutomationExercise\crossbrowsingtesting.xml

12:33:54.461  [TestNG-tests-2] INFO  testcase.TC_002_LoginPage - .....Starting TC_002_Login.......
12:33:54.461  [TestNG-tests-1] INFO  testcase.TC_002_LoginPage - .....Starting TC_002_Login.......
12:33:54.480  [TestNG-tests-1] INFO  testcase.TC_008_AddProductstoCart - ....Starting ........
12:33:54.480  [TestNG-tests-2] INFO  testcase.TC_008_AddProductstoCart - ....Starting ........
12:33:54.480  [TestNG-tests-1] INFO  testcase.TC_008_AddProductstoCart - .....open the products page.....
12:33:54.480  [TestNG-tests-2] INFO  testcase.TC_008_AddProductstoCart - .....open the products page.....
12:33:54.480  [TestNG-tests-1] ERROR testcase.TC_008_AddProductstoCart - Error encountered: Cannot invoke "org.openqa.selenium.SearchContext.findElement(org.openqa.selenium.By)" because "this.searchContext" is null
12:33:54.480  [TestNG-tests-2] ERROR testcase.TC_008_AddProductstoCart - Error encountered: Cannot invoke "org.openqa.selenium.SearchContext.findElement(org.openqa.selenium.By)" because "this.searchContext" is null
12:35:20.279  [main] DEBUG org.testng.TestNG - suiteXmlPath: "C:\workspace\java programs-aug12\AutomationExercise\crossbrowsingtesting.xml"
12:35:20.502  [main] INFO  org.testng.internal.Utils - [TestNG] Running:
  C:\workspace\java programs-aug12\AutomationExercise\crossbrowsingtesting.xml

12:35:33.950  [TestNG-tests-1] INFO  testcase.TC_011_RemoveProductTest - .....open the products page.....
12:35:34.151  [TestNG-tests-1] INFO  testcase.TC_011_RemoveProductTest - ......click on view cart......
12:35:40.925  [TestNG-tests-1] INFO  testcase.TC_002_LoginPage - .....Starting TC_002_Login.......
12:35:40.926  [TestNG-tests-2] INFO  testcase.TC_002_LoginPage - .....Starting TC_002_Login.......
12:35:42.218  [TestNG-tests-1] INFO  testcase.TC_002_LoginPage - .......Starting TC_002_entering login credentials......
12:35:45.237  [TestNG-tests-1] INFO  testcase.TC_008_AddProductstoCart - ....Starting ........
12:35:45.237  [TestNG-tests-1] INFO  testcase.TC_008_AddProductstoCart - .....open the products page.....
12:35:45.269  [TestNG-tests-1] ERROR testcase.TC_008_AddProductstoCart - Error encountered: no such element: Unable to locate element: {"method":"xpath","selector":"//a[@href='/products']"}
  (Session info: MicrosoftEdge=131.0.2903.99)
For documentation on this error, please visit: https://www.selenium.dev/documentation/webdriver/troubleshooting/errors#no-such-element-exception
Build info: version: '4.25.0', revision: '8a8aea2337'
System info: os.name: 'Windows 11', os.arch: 'amd64', os.version: '10.0', java.version: '21.0.4'
Driver info: org.openqa.selenium.edge.EdgeDriver
Command: [baa189062979c3e4b18e908fc644c075, findElement {using=xpath, value=//a[@href='/products']}]
Capabilities {acceptInsecureCerts: false, browserName: MicrosoftEdge, browserVersion: 131.0.2903.99, fedcm:accounts: true, ms:edgeOptions: {debuggerAddress: localhost:61133}, msedge: {msedgedriverVersion: 131.0.2903.112 (16ab910a6e7..., userDataDir: C:\Users\KARISHMA\AppData\L...}, networkConnectionEnabled: false, pageLoadStrategy: normal, platformName: windows, proxy: Proxy(), se:cdp: ws://localhost:61133/devtoo..., se:cdpVersion: 131.0.2903.99, setWindowRect: true, strictFileInteractability: false, timeouts: {implicit: 0, pageLoad: 300000, script: 30000}, unhandledPromptBehavior: dismiss and notify, webauthn:extension:credBlob: true, webauthn:extension:largeBlob: true, webauthn:extension:minPinLength: true, webauthn:extension:prf: true, webauthn:virtualAuthenticators: true}
Session ID: baa189062979c3e4b18e908fc644c075
12:35:50.170  [TestNG-tests-2] INFO  testcase.TC_008_AddProductstoCart - ....Starting ........
12:35:50.171  [TestNG-tests-2] INFO  testcase.TC_008_AddProductstoCart - .....open the products page.....
12:35:55.127  [TestNG-tests-2] INFO  testcase.TC_008_AddProductstoCart - ......first product added to cart......
12:35:55.166  [TestNG-tests-2] INFO  testcase.TC_008_AddProductstoCart - .....Clicked Continue Shopping...............
12:35:55.696  [TestNG-tests-2] INFO  testcase.TC_008_AddProductstoCart - ........second product added to cart........
12:35:55.741  [TestNG-tests-2] INFO  testcase.TC_008_AddProductstoCart - ........Navigated to Cart Page.........
12:35:57.545  [TestNG-tests-2] INFO  testcase.TC_008_AddProductstoCart - .......Products successfully added to cart......
12:35:57.545  [TestNG-tests-2] INFO  testcase.TC_008_AddProductstoCart - ......Finished Add Products to Cart Test..........
12:37:44.823  [main] DEBUG org.testng.TestNG - suiteXmlPath: "C:\workspace\java programs-aug12\AutomationExercise\crossbrowsingtesting.xml"
12:37:45.041  [main] INFO  org.testng.internal.Utils - [TestNG] Running:
  C:\workspace\java programs-aug12\AutomationExercise\crossbrowsingtesting.xml

12:37:54.981  [TestNG-tests-2] INFO  testcase.TC_011_RemoveProductTest - .....open the products page.....
12:37:55.140  [TestNG-tests-2] INFO  testcase.TC_011_RemoveProductTest - ......click on view cart......
12:38:02.823  [TestNG-tests-1] INFO  testcase.TC_002_LoginPage - .....Starting TC_002_Login.......
12:38:02.825  [TestNG-tests-2] INFO  testcase.TC_002_LoginPage - .....Starting TC_002_Login.......
12:38:04.569  [TestNG-tests-1] INFO  testcase.TC_002_LoginPage - .......Starting TC_002_entering login credentials......
12:38:12.060  [TestNG-tests-1] INFO  testcase.TC_008_AddProductstoCart - ....Starting ........
12:38:12.061  [TestNG-tests-1] INFO  testcase.TC_008_AddProductstoCart - .....open the products page.....
12:38:12.064  [TestNG-tests-2] INFO  testcase.TC_008_AddProductstoCart - ....Starting ........
12:38:12.065  [TestNG-tests-2] INFO  testcase.TC_008_AddProductstoCart - .....open the products page.....
12:38:14.447  [TestNG-tests-1] INFO  testcase.TC_008_AddProductstoCart - ......first product added to cart......
12:38:14.451  [TestNG-tests-2] ERROR testcase.TC_008_AddProductstoCart - Error encountered: stale element reference: stale element not found
  

12:42:00.483  [TestNG-tests-1] INFO  testcase.TC_011_RemoveProductTest - .....open the products page.....
12:42:00.660  [TestNG-tests-1] INFO  testcase.TC_011_RemoveProductTest - ......click on view cart......
12:42:06.686  [TestNG-tests-1] INFO  testcase.TC_002_LoginPage - .....Starting TC_002_Login.......
12:42:06.692  [TestNG-tests-2] INFO  testcase.TC_002_LoginPage - .....Starting TC_002_Login.......
12:42:08.298  [TestNG-tests-1] INFO  testcase.TC_002_LoginPage - .......Starting TC_002_entering login credentials......
12:42:14.758  [TestNG-tests-2] INFO  testcase.TC_008_AddProductstoCart - ....Starting ........
12:42:14.758  [TestNG-tests-2] INFO  testcase.TC_008_AddProductstoCart - .....open the products page.....
12:42:17.125  [TestNG-tests-2] INFO  testcase.TC_008_AddProductstoCart - ......first product added to cart......
12:42:17.135  [TestNG-tests-1] INFO  testcase.TC_008_AddProductstoCart - ....Starting ........
12:42:17.136  [TestNG-tests-1] INFO  testcase.TC_008_AddProductstoCart - .....open the products page.....
12:42:18.572  [TestNG-tests-1] INFO  testcase.TC_008_AddProductstoCart - ......first product added to cart......
12:42:18.596  [TestNG-tests-2] INFO  testcase.TC_008_AddProductstoCart - .....Clicked Continue Shopping...............
12:42:19.009  [TestNG-tests-2] INFO  testcase.TC_008_AddProductstoCart - ........second product added to cart........
12:42:19.015  [TestNG-tests-1] INFO  testcase.TC_008_AddProductstoCart - .....Clicked Continue Shopping...............
12:42:19.389  [TestNG-tests-1] INFO  testcase.TC_008_AddProductstoCart - ........second product added to cart........
12:42:19.408  [TestNG-tests-2] INFO  testcase.TC_008_AddProductstoCart - ........Navigated to Cart Page.........
12:42:21.140  [TestNG-tests-1] INFO  testcase.TC_008_AddProductstoCart - ........Navigated to Cart Page.........
12:42:21.144  [TestNG-tests-2] INFO  testcase.TC_008_AddProductstoCart - .......Products successfully added to cart......
12:42:21.144  [TestNG-tests-2] INFO  testcase.TC_008_AddProductstoCart - ......Finished Add Products to Cart Test..........
12:42:26.206  [TestNG-tests-1] ERROR testcase.TC_008_AddProductstoCart - Error encountered: no such element: Unable to locate element: {"method":"xpath","selector":"//u[normalize-space()='View Cart']"}
  

12:44:49.660  [TestNG-tests-2] INFO  testcase.TC_011_RemoveProductTest - .....open the products page.....
12:44:49.793  [TestNG-tests-2] INFO  testcase.TC_011_RemoveProductTest - ......click on view cart......
12:44:58.865  [TestNG-tests-1] INFO  testcase.TC_009_CheckoutAndPlaceanOrder - .......entering login credentials.......
12:45:06.248  [TestNG-tests-1] INFO  testcase.TC_008_AddProductstoCart - ....Starting ........
12:45:06.249  [TestNG-tests-1] INFO  testcase.TC_008_AddProductstoCart - .....open the products page.....
12:45:06.250  [TestNG-tests-2] INFO  testcase.TC_008_AddProductstoCart - ....Starting ........
12:45:06.251  [TestNG-tests-2] INFO  testcase.TC_008_AddProductstoCart - .....open the products page.....
12:45:08.509  [TestNG-tests-1] INFO  testcase.TC_008_AddProductstoCart - ......first product added to cart......
12:45:08.511  [TestNG-tests-2] ERROR testcase.TC_008_AddProductstoCart - Error encountered: stale element reference: stale element not found
 

12:46:40.190  [TestNG-tests-1] INFO  testcase.TC_011_RemoveProductTest - .....open the products page.....
12:46:40.331  [TestNG-tests-1] INFO  testcase.TC_011_RemoveProductTest - ......click on view cart......
12:48:02.367  [main] DEBUG org.testng.TestNG - suiteXmlPath: "C:\workspace\java programs-aug12\AutomationExercise\crossbrowsingtesting.xml"
12:48:02.561  [main] INFO  org.testng.internal.Utils - [TestNG] Running:
  C:\workspace\java programs-aug12\AutomationExercise\crossbrowsingtesting.xml

12:48:09.094  [TestNG-tests-1] INFO  testcase.TC_008_AddProductstoCart - ....Starting ........
12:48:09.094  [TestNG-tests-2] INFO  testcase.TC_008_AddProductstoCart - ....Starting ........
12:48:09.106  [TestNG-tests-1] INFO  testcase.TC_008_AddProductstoCart - .....open the products page.....
12:48:09.106  [TestNG-tests-2] INFO  testcase.TC_008_AddProductstoCart - .....open the products page.....
12:48:11.683  [TestNG-tests-2] INFO  testcase.TC_008_AddProductstoCart - ......first product added to cart......
12:48:11.690  [TestNG-tests-1] ERROR testcase.TC_008_AddProductstoCart - Error encountered: stale element reference: stale element not found
  (Session info: chrome=131.0.6778.205)
For documentation on this error, please visit: https://www.selenium.dev/documentation/webdriver/troubleshooting/errors#stale-element-reference-exception
Build info: version: '4.25.0', revision: '8a8aea2337'
System info: os.name: 'Windows 11', os.arch: 'amd64', os.version: '10.0', java.version: '21.0.4'
Driver info: org.openqa.selenium.chrome.ChromeDriver
Command: [24a1c76941eda649e4e9f2bae4936050, clickElement {id=f.6EFBACD71CD3F37FAEB5799A12DA1114.d.8B9E5467464F91B04C842685B844BF05.e.36}]
Capabilities {acceptInsecureCerts: false, browserName: chrome, browserVersion: 131.0.6778.205, chrome: {chromedriverVersion: 131.0.6778.204 (52183f9e99a..., userDataDir: C:\Users\KARISHMA\AppData\L...}, fedcm:accounts: true, goog:chromeOptions: {debuggerAddress: localhost:62861}, networkConnectionEnabled: false, pageLoadStrategy: normal, platformName: windows, proxy: Proxy(), se:cdp: ws://localhost:62861/devtoo..., se:cdpVersion: 131.0.6778.205, setWindowRect: true, strictFileInteractability: false, timeouts: {implicit: 0, pageLoad: 300000, script: 30000}, unhandledPromptBehavior: dismiss and notify, webauthn:extension:credBlob: true, webauthn:extension:largeBlob: true, webauthn:extension:minPinLength: true, webauthn:extension:prf: true, webauthn:virtualAuthenticators: true}
Element: [[ChromeDriver: chrome on windows (24a1c76941eda649e4e9f2bae4936050)] -> xpath: //a[@href='/products']]
Session ID: 24a1c76941eda649e4e9f2bae4936050
12:48:11.831  [TestNG-tests-2] INFO  testcase.TC_008_AddProductstoCart - .....Clicked Continue Shopping...............
12:48:11.833  [TestNG-tests-2] ERROR testcase.TC_008_AddProductstoCart - Error encountered: Error communicating with the remote browser. It may have died.
Build info: version: '4.25.0', revision: '8a8aea2337'
System info: os.name: 'Windows 11', os.arch: 'amd64', os.version: '10.0', java.version: '21.0.4'
Driver info: org.openqa.selenium.chrome.ChromeDriver
Command: [24a1c76941eda649e4e9f2bae4936050, findElement [value, using]]
Capabilities {acceptInsecureCerts: false, browserName: chrome, browserVersion: 131.0.6778.205, chrome: {chromedriverVersion: 131.0.6778.204 (52183f9e99a..., userDataDir: C:\Users\KARISHMA\AppData\L...}, fedcm:accounts: true, goog:chromeOptions: {debuggerAddress: localhost:62861}, networkConnectionEnabled: false, pageLoadStrategy: normal, platformName: windows, proxy: Proxy(), se:cdp: ws://localhost:62861/devtoo..., se:cdpVersion: 131.0.6778.205, setWindowRect: true, strictFileInteractability: false, timeouts: {implicit: 0, pageLoad: 300000, script: 30000}, unhandledPromptBehavior: dismiss and notify, webauthn:extension:credBlob: true, webauthn:extension:largeBlob: true, webauthn:extension:minPinLength: true, webauthn:extension:prf: true, webauthn:virtualAuthenticators: true}
Session ID: 24a1c76941eda649e4e9f2bae4936050
12:50:12.695  [main] DEBUG org.testng.TestNG - suiteXmlPath: "C:\workspace\java programs-aug12\AutomationExercise\crossbrowsingtesting.xml"
12:51:20.194  [main] DEBUG org.testng.TestNG - suiteXmlPath: "C:\workspace\java programs-aug12\AutomationExercise\crossbrowsingtesting.xml"
12:51:20.385  [main] INFO  org.testng.internal.Utils - [TestNG] Running:
  C:\workspace\java programs-aug12\AutomationExercise\crossbrowsingtesting.xml

12:51:27.805  [TestNG-tests-2] INFO  testcase.TC_013_CategoryProductsTest - ......Categories is displayed ......
12:51:27.805  [TestNG-tests-1] INFO  testcase.TC_013_CategoryProductsTest - ......Categories is displayed ......
12:51:30.083  [TestNG-tests-2] INFO  testcase.TC_013_CategoryProductsTest - ....click on sub category........
12:51:30.086  [TestNG-tests-1] INFO  testcase.TC_013_CategoryProductsTest - ....click on sub category........
12:51:34.983  [TestNG-tests-1] INFO  testcase.TC_013_CategoryProductsTest - .....verify  women category page is displayed.......
12:51:34.996  [TestNG-tests-2] INFO  testcase.TC_013_CategoryProductsTest - .....verify  women category page is displayed.......
12:57:31.657  [main] DEBUG org.testng.TestNG - suiteXmlPath: "C:\workspace\java programs-aug12\AutomationExercise\crossbrowsingtesting.xml"
12:57:31.711  [main] INFO  org.testng.internal.Utils - [XmlSuite] [WARN] 'parallel' value 'false' is no longer valid, defaulting to 'none'.
12:57:31.881  [main] INFO  org.testng.internal.Utils - [TestNG] Running:
  C:\workspace\java programs-aug12\AutomationExercise\crossbrowsingtesting.xml

12:57:39.115  [main] INFO  testcase.TC_011_RemoveProductTest - .....open the products page.....
12:57:39.177  [main] INFO  testcase.TC_011_RemoveProductTest - ......click on view cart......
12:57:40.444  [main] INFO  testcase.TC_011_RemoveProductTest - ......verify cart is empty......
12:57:48.803  [main] INFO  testcase.TC_009_CheckoutAndPlaceanOrder - .......entering login credentials.......
12:57:52.237  [main] INFO  testcase.TC_009_CheckoutAndPlaceanOrder - .........completed login...........
12:57:54.701  [main] INFO  testcase.TC_009_CheckoutAndPlaceanOrder - .......first product added to cart.........
12:57:54.757  [main] INFO  testcase.TC_009_CheckoutAndPlaceanOrder - ......Clicked Continue Shopping...............
12:57:55.201  [main] INFO  testcase.TC_009_CheckoutAndPlaceanOrder - .......second product added to cart............
12:57:55.275  [main] INFO  testcase.TC_009_CheckoutAndPlaceanOrder - .......Navigated to Cart Page........
12:57:58.594  [main] INFO  testcase.TC_009_CheckoutAndPlaceanOrder - ......verify address and order details......
12:58:05.402  [main] INFO  testcase.TC_009_CheckoutAndPlaceanOrder - ...... verify success message ......
12:58:13.369  [main] INFO  testcase.TC_008_AddProductstoCart - ....Starting ........
12:58:13.369  [main] INFO  testcase.TC_008_AddProductstoCart - .....open the products page.....
12:58:15.967  [main] INFO  testcase.TC_008_AddProductstoCart - ......first product added to cart......
12:58:16.022  [main] INFO  testcase.TC_008_AddProductstoCart - .....Clicked Continue Shopping...............
12:58:16.384  [main] INFO  testcase.TC_008_AddProductstoCart - ........second product added to cart........
12:58:16.424  [main] INFO  testcase.TC_008_AddProductstoCart - ........Navigated to Cart Page.........
12:58:18.550  [main] INFO  testcase.TC_008_AddProductstoCart - .......Products successfully added to cart......
12:58:18.550  [main] INFO  testcase.TC_008_AddProductstoCart - ......Finished Add Products to Cart Test..........
12:58:23.080  [main] INFO  testcase.TC_013_CategoryProductsTest - ......Categories is displayed ......
12:58:23.222  [main] INFO  testcase.TC_013_CategoryProductsTest - ....click on sub category........
12:58:26.897  [main] INFO  testcase.TC_013_CategoryProductsTest - .....verify  women category page is displayed.......
12:58:27.013  [main] INFO  testcase.TC_013_CategoryProductsTest - .....click on men sub category.......
12:58:28.543  [main] INFO  testcase.TC_013_CategoryProductsTest - .....verify men category page is displayed.......
12:58:38.708  [main] INFO  testcase.TC_011_RemoveProductTest - .....open the products page.....
12:58:38.772  [main] INFO  testcase.TC_011_RemoveProductTest - ......click on view cart......
12:58:40.764  [main] INFO  testcase.TC_011_RemoveProductTest - ......verify cart is empty......
12:58:52.003  [main] INFO  testcase.TC_009_CheckoutAndPlaceanOrder - .......entering login credentials.......
12:58:53.905  [main] INFO  testcase.TC_009_CheckoutAndPlaceanOrder - .........completed login...........
12:58:55.781  [main] INFO  testcase.TC_009_CheckoutAndPlaceanOrder - .......first product added to cart.........
12:58:55.837  [main] INFO  testcase.TC_009_CheckoutAndPlaceanOrder - ......Clicked Continue Shopping...............
12:58:56.188  [main] INFO  testcase.TC_009_CheckoutAndPlaceanOrder - .......second product added to cart............
12:58:56.224  [main] INFO  testcase.TC_009_CheckoutAndPlaceanOrder - .......Navigated to Cart Page........
12:58:59.076  [main] INFO  testcase.TC_009_CheckoutAndPlaceanOrder - ......verify address and order details......
12:59:05.405  [main] INFO  testcase.TC_009_CheckoutAndPlaceanOrder - ...... verify success message ......
12:59:14.651  [main] INFO  testcase.TC_008_AddProductstoCart - ....Starting ........
12:59:14.652  [main] INFO  testcase.TC_008_AddProductstoCart - .....open the products page.....
12:59:16.818  [main] INFO  testcase.TC_008_AddProductstoCart - ......first product added to cart......
12:59:16.859  [main] INFO  testcase.TC_008_AddProductstoCart - .....Clicked Continue Shopping...............
12:59:17.287  [main] INFO  testcase.TC_008_AddProductstoCart - ........second product added to cart........
12:59:17.330  [main] INFO  testcase.TC_008_AddProductstoCart - ........Navigated to Cart Page.........
12:59:18.820  [main] INFO  testcase.TC_008_AddProductstoCart - .......Products successfully added to cart......
12:59:18.820  [main] INFO  testcase.TC_008_AddProductstoCart - ......Finished Add Products to Cart Test..........
12:59:26.685  [main] INFO  testcase.TC_013_CategoryProductsTest - ......Categories is displayed ......
12:59:27.860  [main] INFO  testcase.TC_013_CategoryProductsTest - ....click on sub category........
12:59:29.868  [main] INFO  testcase.TC_013_CategoryProductsTest - .....verify  women category page is displayed.......
12:59:30.693  [main] INFO  testcase.TC_013_CategoryProductsTest - .....click on men sub category.......
12:59:32.496  [main] INFO  testcase.TC_013_CategoryProductsTest - .....verify men category page is displayed.......
16:01:58.944  [main] DEBUG org.testng.TestNG - suiteXmlPath: "C:\workspace\java programs-aug12\AutomationExercise\grid-docker.xml"
16:01:59.277  [main] INFO  org.testng.internal.Utils - [TestNG] Running:
  C:\workspace\java programs-aug12\AutomationExercise\grid-docker.xml

16:02:13.286  [TestNG-tests-2] INFO  testcase.TC_011_RemoveProductTest - .....open the products page.....
16:02:13.620  [TestNG-tests-2] INFO  testcase.TC_011_RemoveProductTest - ......click on view cart......
16:02:20.697  [TestNG-tests-1] INFO  testcase.TC_012_AddProductReviewTest - ......verify home page is displayed......
16:02:37.764  [TestNG-tests-2] INFO  testcase.TC_012_AddProductReviewTest - ......verify home page is displayed......
16:02:42.828  [TestNG-tests-2] INFO  testcase.TC_012_AddProductReviewTest - .....click view product.......
16:02:45.825  [TestNG-tests-2] INFO  testcase.TC_012_AddProductReviewTest - .....verify write your review is visible.......
16:02:47.207  [TestNG-tests-2] INFO  testcase.TC_012_AddProductReviewTest - ......verify success message is displayed......
16:03:28.889  [main] DEBUG org.testng.TestNG - suiteXmlPath: "C:\workspace\java programs-aug12\AutomationExercise\grid-docker.xml"
16:03:29.181  [main] INFO  org.testng.internal.Utils - [TestNG] Running:
  C:\workspace\java programs-aug12\AutomationExercise\grid-docker.xml

16:03:48.109  [TestNG-tests-1] INFO  testcase.TC_011_RemoveProductTest - .....open the products page.....
16:03:48.394  [TestNG-tests-1] INFO  testcase.TC_011_RemoveProductTest - ......click on view cart......
16:04:00.044  [TestNG-tests-1] INFO  testcase.TC_012_AddProductReviewTest - ......verify home page is displayed......
16:04:00.058  [TestNG-tests-2] INFO  testcase.TC_012_AddProductReviewTest - ......verify home page is displayed......
16:04:05.288  [TestNG-tests-1] INFO  testcase.TC_012_AddProductReviewTest - .....click view product.......
16:04:59.773  [main] DEBUG org.testng.TestNG - suiteXmlPath: "C:\workspace\java programs-aug12\AutomationExercise\grid-docker.xml"
16:04:59.858  [main] INFO  org.testng.internal.Utils - [XmlSuite] [WARN] 'parallel' value 'false' is no longer valid, defaulting to 'none'.
16:05:00.090  [main] INFO  org.testng.internal.Utils - [TestNG] Running:
  C:\workspace\java programs-aug12\AutomationExercise\grid-docker.xml

16:05:10.443  [main] INFO  testcase.TC_011_RemoveProductTest - .....open the products page.....
16:05:10.519  [main] INFO  testcase.TC_011_RemoveProductTest - ......click on view cart......
16:05:12.338  [main] INFO  testcase.TC_011_RemoveProductTest - ......verify cart is empty......
16:05:21.467  [main] INFO  testcase.TC_012_AddProductReviewTest - ......verify home page is displayed......
16:05:24.539  [main] INFO  testcase.TC_012_AddProductReviewTest - .....click view product.......
16:05:27.379  [main] INFO  testcase.TC_012_AddProductReviewTest - .....verify write your review is visible.......
16:05:28.059  [main] INFO  testcase.TC_012_AddProductReviewTest - ......verify success message is displayed......
16:05:43.088  [main] INFO  testcase.TC_011_RemoveProductTest - .....open the products page.....
16:05:43.402  [main] INFO  testcase.TC_011_RemoveProductTest - ......click on view cart......
16:05:46.881  [main] INFO  testcase.TC_011_RemoveProductTest - ......verify cart is empty......
16:05:59.292  [main] INFO  testcase.TC_012_AddProductReviewTest - ......verify home page is displayed......
16:06:02.619  [main] INFO  testcase.TC_012_AddProductReviewTest - .....click view product.......
16:06:05.705  [main] INFO  testcase.TC_012_AddProductReviewTest - .....verify write your review is visible.......
16:06:06.836  [main] INFO  testcase.TC_012_AddProductReviewTest - ......verify success message is displayed......
16:35:40.447  [main] DEBUG org.testng.TestNG - suiteXmlPath: "C:\workspace\java programs-aug12\AutomationExercise\master.xml"
16:35:40.875  [main] INFO  org.testng.internal.Utils - [TestNG] Running:
  C:\workspace\java programs-aug12\AutomationExercise\master.xml

16:35:48.410  [main] INFO  testcase.TC_001_AccountSignup - ..........Starting TC_001_AccountSignup........
16:35:49.551  [main] INFO  testcase.TC_001_AccountSignup - .........Account signup started...............
16:36:02.193  [main] INFO  testcase.TC_002_LoginPage - .....Starting TC_002_Login.......
16:36:03.337  [main] INFO  testcase.TC_002_LoginPage - .......Starting TC_002_entering login credentials......
16:36:07.808  [main] INFO  testcase.TC_002_LoginPage - ......completed TC_002_login.....
16:36:08.730  [main] INFO  testcase.TC_002_LoginPage - ......validation TC_002_login......
16:36:11.991  [main] INFO  testcase.TC_002_LoginPage - ........finish TC_002_login......
16:36:18.815  [main] INFO  testcase.TC_003_Logout - .....Starting TC_003_Logout..
16:36:21.141  [main] INFO  testcase.TC_003_Logout - .....enter login details.......
16:36:36.817  [main] INFO  testcase.TC_004_RegisterUserWithAlreadyexistemail - ......starting......
16:36:36.817  [main] INFO  testcase.TC_004_RegisterUserWithAlreadyexistemail - ......click o signup.......
16:36:40.736  [main] INFO  testcase.TC_004_RegisterUserWithAlreadyexistemail - ......check email already exist.......
16:36:55.675  [main] INFO  testcase.TC_005_ContactUsform - ......starting.......
16:36:55.675  [main] INFO  testcase.TC_005_ContactUsform - ......click on contact us.......
16:36:58.495  [main] INFO  testcase.TC_005_ContactUsform - ......enter details.......
16:36:58.990  [main] INFO  testcase.TC_005_ContactUsform - .......upload file......
16:37:09.189  [main] INFO  testcase.TC_006_VerifyAllProductsandproductdetailpage - ........Starting .......
16:37:12.889  [main] INFO  testcase.TC_006_VerifyAllProductsandproductdetailpage - .......navigate product page ......
16:37:12.917  [main] INFO  testcase.TC_006_VerifyAllProductsandproductdetailpage - ......verify product list....
16:37:21.756  [main] INFO  testcase.TC_007_SearchProduct - .......Starting ........
